#
# A fatal error has been detected by the Java Runtime Environment:
#
#  EXCEPTION_INT_DIVIDE_BY_ZERO (0xc0000094) at pc=0x068dd51f, pid=12552, tid=1512
#
# JRE version: Java(TM) SE Runtime Environment (8.0_91-b15) (build 1.8.0_91-b15)
# Java VM: Java HotSpot(TM) Client VM (25.91-b15 mixed mode windows-x86 )
# Problematic frame:
# C  [NumIdentify.dll+0xc7d51f]
#
# Failed to write core dump. Minidumps are not enabled by default on client versions of Windows
#
# If you would like to submit a bug report, please visit:
#   http://bugreport.java.com/bugreport/crash.jsp
# The crash happened outside the Java Virtual Machine in native code.
# See problematic frame for where to report the bug.
#

---------------  T H R E A D  ---------------

Current thread (0x013be400):  JavaThread "main" [_thread_in_native, id=1512, stack(0x013c0000,0x01410000)]

siginfo: ExceptionCode=0xc0000094

Registers:
EAX=0x00000000, EBX=0x0140f4ac, ECX=0x01060420, EDX=0x00000000
ESP=0x0140f114, EBP=0x0140f4a0, ESI=0x0140f170, EDI=0x05668da8
EIP=0x068dd51f, EFLAGS=0x00010206

Top of Stack: (sp=0x0140f114)
0x0140f114:   00000000 00000038 a894ad68 0140f4d4
0x0140f124:   013be540 02fad028 0140f50c 0140f158
0x0140f134:   00000009 00000000 0140f50c 02fad028
0x0140f144:   0000003c 05235278 18235278 013be540
0x0140f154:   00000000 0140f198 02fbd3b3 013be540
0x0140f164:   0140f50c 42ff0000 00000000 00000000
0x0140f174:   00000000 00000000 00000000 00000000
0x0140f184:   00000000 00000000 00000000 0140f170 

Instructions: (pc=0x068dd51f)
0x068dd4ff:   4d e4 c6 45 fc 05 e8 36 26 02 00 c6 45 fc 04 8b
0x068dd50f:   b5 f0 fc ff ff 6a 38 6a 00 69 06 c0 03 00 00 99
0x068dd51f:   f7 7e 04 8b f8 8d 85 70 fd ff ff 50 89 bd a0 fc
0x068dd52f:   ff ff e8 aa 0c 18 00 83 c4 0c 8d 45 a8 0f 57 c0 


Register to memory mapping:

EAX=0x00000000 is an unknown value
EBX=0x0140f4ac is pointing into the stack for thread: 0x013be400
ECX=0x01060420 is an unknown value
EDX=0x00000000 is an unknown value
ESP=0x0140f114 is pointing into the stack for thread: 0x013be400
EBP=0x0140f4a0 is pointing into the stack for thread: 0x013be400
ESI=0x0140f170 is pointing into the stack for thread: 0x013be400
EDI=0x05668da8 is an unknown value


Stack: [0x013c0000,0x01410000],  sp=0x0140f114,  free space=316k
Native frames: (J=compiled Java code, j=interpreted, Vv=VM code, C=native code)
C  [NumIdentify.dll+0xc7d51f]
C  [NumIdentify.dll+0xc814c9]
j  com.EasyMarathon.util.NumIdentify.Identify(Ljava/lang/String;Ljava/lang/String;)I+0
j  com.EasyMarathon.util.NumIdentify.GetID(Ljava/lang/String;)I+5
j  gcc.test.NumTest.main([Ljava/lang/String;)V+21
v  ~StubRoutines::call_stub
V  [jvm.dll+0x159425]
V  [jvm.dll+0x21f02e]
V  [jvm.dll+0x1594be]
V  [jvm.dll+0xdb317]
V  [jvm.dll+0xe38af]
C  [javaw.exe+0x229a]
C  [javaw.exe+0xaebf]
C  [javaw.exe+0xaf49]
C  [KERNEL32.DLL+0x138f4]
C  [ntdll.dll+0x65de3]
C  [ntdll.dll+0x65dae]
C  0x00000000

Java frames: (J=compiled Java code, j=interpreted, Vv=VM code)
j  com.EasyMarathon.util.NumIdentify.Identify(Ljava/lang/String;Ljava/lang/String;)I+0
j  com.EasyMarathon.util.NumIdentify.GetID(Ljava/lang/String;)I+5
j  gcc.test.NumTest.main([Ljava/lang/String;)V+21
v  ~StubRoutines::call_stub

---------------  P R O C E S S  ---------------

Java Threads: ( => current thread )
  0x0560bc00 JavaThread "Service Thread" daemon [_thread_blocked, id=21500, stack(0x05b80000,0x05bd0000)]
  0x055b3000 JavaThread "C1 CompilerThread0" daemon [_thread_blocked, id=21472, stack(0x05af0000,0x05b40000)]
  0x055b1c00 JavaThread "Attach Listener" daemon [_thread_blocked, id=9352, stack(0x05a60000,0x05ab0000)]
  0x055b0000 JavaThread "Signal Dispatcher" daemon [_thread_blocked, id=5876, stack(0x059d0000,0x05a20000)]
  0x0559b400 JavaThread "Finalizer" daemon [_thread_blocked, id=8140, stack(0x058e0000,0x05930000)]
  0x05585400 JavaThread "Reference Handler" daemon [_thread_blocked, id=14076, stack(0x05850000,0x058a0000)]
=>0x013be400 JavaThread "main" [_thread_in_native, id=1512, stack(0x013c0000,0x01410000)]

Other Threads:
  0x02faec00 VMThread [stack: 0x057c0000,0x05810000] [id=3068]
  0x0561f400 WatcherThread [stack: 0x05c10000,0x05c60000] [id=21252]

VM state:not at safepoint (normal execution)

VM Mutex/Monitor currently owned by a thread: None

Heap:
 def new generation   total 4928K, used 1077K [0x0f200000, 0x0f750000, 0x14750000)
  eden space 4416K,  24% used [0x0f200000, 0x0f30d6a0, 0x0f650000)
  from space 512K,   0% used [0x0f650000, 0x0f650000, 0x0f6d0000)
  to   space 512K,   0% used [0x0f6d0000, 0x0f6d0000, 0x0f750000)
 tenured generation   total 10944K, used 0K [0x14750000, 0x15200000, 0x1f200000)
   the space 10944K,   0% used [0x14750000, 0x14750000, 0x14750200, 0x15200000)
 Metaspace       used 1691K, capacity 2244K, committed 2368K, reserved 4480K

Card table byte_map: [0x05030000,0x050c0000] byte_map_base: 0x04fb7000

Polling page: 0x01390000

CodeCache: size=32768Kb used=703Kb max_used=703Kb free=32064Kb
 bounds [0x02fb0000, 0x03060000, 0x04fb0000]
 total_blobs=168 nmethods=27 adapters=73
 compilation: enabled

Compilation events (10 events):
Event: 0.189 Thread 0x055b3000   23             java.io.WinNTFileSystem::normalize (143 bytes)
Event: 0.189 Thread 0x055b3000 nmethod 23 0x0305a4c8 code [0x0305a610, 0x0305a88c]
Event: 0.189 Thread 0x055b3000   24   !         java.io.BufferedReader::readLine (304 bytes)
Event: 0.190 Thread 0x055b3000 nmethod 24 0x0305ab48 code [0x0305ad00, 0x0305b844]
Event: 0.190 Thread 0x055b3000   25   !         sun.nio.cs.ext.DoubleByte$Decoder::decodeArrayLoop (329 bytes)
Event: 0.192 Thread 0x055b3000 nmethod 25 0x0305c2c8 code [0x0305c680, 0x0305d5bc]
Event: 0.192 Thread 0x055b3000   26             java.io.WinNTFileSystem::isSlash (18 bytes)
Event: 0.192 Thread 0x055b3000 nmethod 26 0x0305f648 code [0x0305f740, 0x0305f7e0]
Event: 0.193 Thread 0x055b3000   27  s          java.lang.StringBuffer::append (13 bytes)
Event: 0.193 Thread 0x055b3000 nmethod 27 0x0305fac8 code [0x0305fbd0, 0x0305fe0c]

GC Heap History (0 events):
No events

Deoptimization events (0 events):
No events

Internal exceptions (6 events):
Event: 0.028 Thread 0x013be400 Exception <a 'java/lang/NoSuchMethodError': Method sun.misc.Unsafe.defineClass(Ljava/lang/String;[BII)Ljava/lang/Class; name or signature does not match> (0x0f206ea8) thrown at [C:\re\workspace\8-2-build-windows-i586-cygwin\jdk8u91\7017\hotspot\src\share\vƒ:ù[R¤œ?
Event: 0.028 Thread 0x013be400 Exception <a 'java/lang/NoSuchMethodError': Method sun.misc.Unsafe.prefetchRead(Ljava/lang/Object;J)V name or signature does not match> (0x0f207178) thrown at [C:\re\workspace\8-2-build-windows-i586-cygwin\jdk8u91\7017\hotspot\src\share\vm\prims\jni.cpp, lÏüƒªU‹È?
Event: 0.192 Thread 0x013be400 Exception <a 'java/security/PrivilegedActionException'> (0x0f2dfef0) thrown at [C:\re\workspace\8-2-build-windows-i586-cygwin\jdk8u91\7017\hotspot\src\share\vm\prims\jvm.cpp, line 1386]
Event: 0.192 Thread 0x013be400 Exception <a 'java/security/PrivilegedActionException'> (0x0f2e00f0) thrown at [C:\re\workspace\8-2-build-windows-i586-cygwin\jdk8u91\7017\hotspot\src\share\vm\prims\jvm.cpp, line 1386]
Event: 0.192 Thread 0x013be400 Exception <a 'java/security/PrivilegedActionException'> (0x0f2fa048) thrown at [C:\re\workspace\8-2-build-windows-i586-cygwin\jdk8u91\7017\hotspot\src\share\vm\prims\jvm.cpp, line 1386]
Event: 0.192 Thread 0x013be400 Exception <a 'java/security/PrivilegedActionException'> (0x0f2fa248) thrown at [C:\re\workspace\8-2-build-windows-i586-cygwin\jdk8u91\7017\hotspot\src\share\vm\prims\jvm.cpp, line 1386]

Events (10 events):
Event: 0.192 loading class java/security/PrivilegedActionException
Event: 0.192 loading class java/security/PrivilegedActionException done
Event: 0.192 loading class java/net/URLClassLoader$2
Event: 0.192 loading class java/net/URLClassLoader$2 done
Event: 0.193 loading class java/net/URI$Parser
Event: 0.193 loading class java/net/URI$Parser done
Event: 0.193 loading class java/util/concurrent/ConcurrentHashMap$ForwardingNode
Event: 0.193 loading class java/util/concurrent/ConcurrentHashMap$ForwardingNode done
Event: 0.193 Thread 0x013be400 DEOPT PACKING pc=0x0305cf58 sp=0x0140eb80
Event: 0.193 Thread 0x013be400 DEOPT UNPACKING pc=0x02fec5db sp=0x0140eaa0 mode 3


Dynamic libraries:
0x00a70000 - 0x00aa3000 	C:\Program Files (x86)\Java\jre1.8.0_91\bin\javaw.exe
0x77990000 - 0x77b0b000 	C:\WINDOWS\SYSTEM32\ntdll.dll
0x77690000 - 0x77770000 	C:\WINDOWS\SYSTEM32\KERNEL32.DLL
0x74c50000 - 0x74dce000 	C:\WINDOWS\SYSTEM32\KERNELBASE.dll
0x74dd0000 - 0x74e4b000 	C:\WINDOWS\SYSTEM32\ADVAPI32.dll
0x74860000 - 0x7491e000 	C:\WINDOWS\SYSTEM32\msvcrt.dll
0x775d0000 - 0x77614000 	C:\WINDOWS\SYSTEM32\sechost.dll
0x74e90000 - 0x74f3d000 	C:\WINDOWS\SYSTEM32\RPCRT4.dll
0x746c0000 - 0x746de000 	C:\WINDOWS\SYSTEM32\SspiCli.dll
0x746b0000 - 0x746ba000 	C:\WINDOWS\SYSTEM32\CRYPTBASE.dll
0x77270000 - 0x772c8000 	C:\WINDOWS\SYSTEM32\bcryptPrimitives.dll
0x770c0000 - 0x77207000 	C:\WINDOWS\SYSTEM32\USER32.dll
0x77440000 - 0x7758f000 	C:\WINDOWS\SYSTEM32\GDI32.dll
0x72d90000 - 0x72f9f000 	C:\WINDOWS\WinSxS\x86_microsoft.windows.common-controls_6595b64144ccf1df_6.0.10586.0_none_d3c2e4e965da4528\COMCTL32.dll
0x74a80000 - 0x74c3d000 	C:\WINDOWS\SYSTEM32\combase.dll
0x775a0000 - 0x775cb000 	C:\WINDOWS\SYSTEM32\IMM32.DLL
0x74510000 - 0x7453b000 	C:\WINDOWS\SYSTEM32\nvinit.dll
0x74680000 - 0x74688000 	C:\WINDOWS\SYSTEM32\VERSION.dll
0x0f000000 - 0x0f006000 	C:\Program Files (x86)\NVIDIA Corporation\CoProcManager\_etoured.dll
0x72890000 - 0x728b9000 	C:\Program Files (x86)\NVIDIA Corporation\CoProcManager\nvd3d9wrap.dll
0x76c20000 - 0x7702b000 	C:\WINDOWS\SYSTEM32\SETUPAPI.dll
0x74e50000 - 0x74e87000 	C:\WINDOWS\SYSTEM32\CFGMGR32.dll
0x72870000 - 0x7288e000 	C:\Program Files (x86)\NVIDIA Corporation\CoProcManager\nvdxgiwrap.dll
0x70320000 - 0x703dd000 	C:\Program Files (x86)\Java\jre1.8.0_91\bin\msvcr100.dll
0x6cc60000 - 0x6d02a000 	C:\Program Files (x86)\Java\jre1.8.0_91\bin\client\jvm.dll
0x77430000 - 0x77436000 	C:\WINDOWS\SYSTEM32\PSAPI.DLL
0x6f8d0000 - 0x6f8d8000 	C:\WINDOWS\SYSTEM32\WSOCK32.dll
0x73bb0000 - 0x73bd4000 	C:\WINDOWS\SYSTEM32\WINMM.dll
0x773d0000 - 0x7742f000 	C:\WINDOWS\SYSTEM32\WS2_32.dll
0x729c0000 - 0x729e3000 	C:\WINDOWS\SYSTEM32\WINMMBASE.dll
0x53000000 - 0x5300c000 	C:\Program Files (x86)\Java\jre1.8.0_91\bin\verify.dll
0x52fd0000 - 0x52ff1000 	C:\Program Files (x86)\Java\jre1.8.0_91\bin\java.dll
0x52fb0000 - 0x52fc3000 	C:\Program Files (x86)\Java\jre1.8.0_91\bin\zip.dll
0x75770000 - 0x76b6e000 	C:\WINDOWS\SYSTEM32\SHELL32.dll
0x75220000 - 0x7571a000 	C:\WINDOWS\SYSTEM32\windows.storage.dll
0x75720000 - 0x75765000 	C:\WINDOWS\SYSTEM32\shlwapi.dll
0x77620000 - 0x7762c000 	C:\WINDOWS\SYSTEM32\kernel.appcore.dll
0x74f40000 - 0x74fcd000 	C:\WINDOWS\SYSTEM32\shcore.dll
0x77210000 - 0x77254000 	C:\WINDOWS\SYSTEM32\powrprof.dll
0x77590000 - 0x7759f000 	C:\WINDOWS\SYSTEM32\profapi.dll
0x05c60000 - 0x07146000 	G:\EasyRunServer\build\classes\com\EasyMarathon\util\NumIdentify.dll
0x772d0000 - 0x773c2000 	C:\WINDOWS\SYSTEM32\COMDLG32.dll
0x749c0000 - 0x74a1e000 	C:\WINDOWS\SYSTEM32\FirewallAPI.dll
0x702f0000 - 0x7031e000 	C:\WINDOWS\SYSTEM32\VCOMP140.DLL
0x750e0000 - 0x750f3000 	C:\WINDOWS\SYSTEM32\NETAPI32.dll
0x70210000 - 0x702f0000 	C:\WINDOWS\SYSTEM32\OPENGL32.dll
0x74270000 - 0x7427b000 	C:\WINDOWS\SYSTEM32\DAVHLPR.DLL
0x58390000 - 0x5847e000 	C:\WINDOWS\SYSTEM32\DDRAW.dll
0x701c0000 - 0x701e5000 	C:\WINDOWS\SYSTEM32\GLU32.dll
0x70200000 - 0x70207000 	C:\WINDOWS\SYSTEM32\DCIMAN32.dll
0x73ec0000 - 0x73eed000 	C:\WINDOWS\SYSTEM32\fwbase.dll
0x73050000 - 0x7318f000 	C:\WINDOWS\SYSTEM32\dbghelp.dll

VM Arguments:
jvm_args: -Dfile.encoding=GBK 
java_command: gcc.test.NumTest
java_class_path (initial): G:\EasyRunServer\build\classes;G:\EasyRunServer\WebContent\WEB-INF\lib\c3p0-0.9.2.1.jar;G:\EasyRunServer\WebContent\WEB-INF\lib\commons-beanutils-1.7.0.jar;G:\EasyRunServer\WebContent\WEB-INF\lib\commons-collections-3.2.1.jar;G:\EasyRunServer\WebContent\WEB-INF\lib\commons-fileupload-1.3.1.jar;G:\EasyRunServer\WebContent\WEB-INF\lib\commons-io-2.2.jar;G:\EasyRunServer\WebContent\WEB-INF\lib\commons-lang-2.3.jar;G:\EasyRunServer\WebContent\WEB-INF\lib\commons-lang3-3.2.jar;G:\EasyRunServer\WebContent\WEB-INF\lib\commons-logging-1.0.4.jar;G:\EasyRunServer\WebContent\WEB-INF\lib\commons-logging-1.2.jar;G:\EasyRunServer\WebContent\WEB-INF\lib\dom4j-1.6.1.jar;G:\EasyRunServer\WebContent\WEB-INF\lib\dom4j-2.0.0-RC1.jar;G:\EasyRunServer\WebContent\WEB-INF\lib\ezmorph-1.0.6.jar;G:\EasyRunServer\WebContent\WEB-INF\lib\fastjson-1.2.7.jar;G:\EasyRunServer\WebContent\WEB-INF\lib\freemarker-2.3.22.jar;G:\EasyRunServer\WebContent\WEB-INF\lib\javassist-3.11.0.GA.jar;G:\EasyRunServer\WebContent\WEB-INF\lib\json-lib-2.2.3-jdk13.jar;G:\EasyRunServer\WebContent\WEB-INF\lib\log4j-1.2.15.jar;G:\EasyRunServer\WebContent\WEB-INF\lib\mchange-commons-java-0.2.3.4.jar;G:\EasyRunServer\WebContent\WEB-INF\lib\ognl-3.0.6.jar;G:\EasyRunServer\WebContent\WEB-INF\lib\slf4j-api-1.5.10.jar;G:\EasyRunServer\WebContent\WEB-INF\lib\slf4j-log4j12-1.5.10.jar;G:\EasyRunServer\WebContent\WEB-INF\lib\sqljdbc42.jar;G:\EasyRunServer\WebContent\WEB-INF\lib\struts2-core-2.3.24.1.jar;G:\EasyRunServer\WebContent\WEB-INF\lib\xstream-1.3.1.jar;G:\EasyRunServer\WebContent\WEB-INF\lib\xwork-core-2.3.24.1.jar;H:\tomcat8 86\apache-tomcat-8.0.33\lib\annotations-api.jar;H:\tomcat8 86\apache-tomcat-8.0.33\lib\catalina-ant.jar;H:\tomcat8 86\apache-tomcat-8.0.33\lib\catalina-ha.jar;H:\tomcat8 86\apache-tomcat-8.0.33\lib\catalina-storeconfig.jar;H:\tomcat8 86\apache-tomcat-8.0.33\lib\catalina-tribes.jar;H:\tomcat8 86\apache-tomcat-8.0.33\lib\catalina.jar;H:\tomcat8 86\apache-tomcat-8.0.33\lib\ecj
Launcher Type: SUN_STANDARD

Environment Variables:
JAVA_HOME=C:\Program Files (x86)\Java\jdk1.8.0_91
CLASSPATH=.;.;C:\PROGRA~2\JMF21~1.1E\lib\sound.jar;C:\PROGRA~2\JMF21~1.1E\lib\jmf.jar;C:\PROGRA~2\JMF21~1.1E\lib;
PATH=C:/Program Files (x86)/Java/jre1.8.0_91/bin/client;C:/Program Files (x86)/Java/jre1.8.0_91/bin;C:/Program Files (x86)/Java/jre1.8.0_91/lib/i386;C:\ProgramData\Oracle\Java\javapath;C:\Program Files\Java\jdk1.8.0_60\bin;%JAVA_HOMEC%\bin:\ProgramData\Oracle\Java\javapath;C:\Program Files (x86)\Intel\iCLS Client\;C:\Program Files\Intel\iCLS Client\;C:\WINDOWS\system32;C:\WINDOWS;C:\WINDOWS\System32\Wbem;C:\WINDOWS\System32\WindowsPowerShell\v1.0\;C:\Program Files\Intel\Intel(R) Management Engine Components\DAL;C:\Program Files\Intel\Intel(R) Management Engine Components\IPT;C:\Program Files (x86)\Intel\Intel(R) Management Engine Components\DAL;C:\Program Files (x86)\Intel\Intel(R) Management Engine Components\IPT;C:\Program Files (x86)\Intel\OpenCL SDK\2.0\bin\x86;C:\Program Files (x86)\Intel\OpenCL SDK\2.0\bin\x64;C:\Program Files\Microsoft SQL Server\110\Tools\Binn\;H:\matlab2014\runtime\win64;H:\matlab2014\bin;H:\matlab2014\polyspace\bin;C:\Program Files\Microsoft SQL Server\Client SDK\ODBC\110\Tools\Binn\;C:\Program Files (x86)\Microsoft SQL Server\120\Tools\Binn\;C:\Program Files\Microsoft SQL Server\120\Tools\Binn\;C:\Program Files\Microsoft SQL Server\120\DTS\Binn\;C:\Program Files (x86)\Microsoft SQL Server\120\Tools\Binn\ManagementStudio\;C:\Program Files (x86)\Microsoft SQL Server\120\DTS\Binn\;C:\Program Files (x86)\NVIDIA Corporation\PhysX\Common%;H:\jboss-as-7.1.1.Final\bin;C:\WINDOWS\system32;C:\WINDOWS;C:\WINDOWS\System32\Wbem;C:\WINDOWS\System32\WindowsPowerShell\v1.0\;C:\Program Files (x86)\Windows Kits\8.1\Windows Performance Toolkit\;H:\Android\androidSDK\tools\;H:\Android\androidSDK\platform-tools\;H:\boost_1_60_0\lib64-msvc-12.0;H:\Python2.7 32;H:\opencv2.4.11\opencv\build\x86\vc12\bin;H:\eclipse86\eclipse;
USERNAME=J_Crocodile
OS=Windows_NT
PROCESSOR_IDENTIFIER=Intel64 Family 6 Model 58 Stepping 9, GenuineIntel



---------------  S Y S T E M  ---------------

OS: Windows 10.0 , 64 bit Build 10586 (10.0.10586.0)

CPU:total 4 (2 cores per cpu, 2 threads per core) family 6 model 58 stepping 9, cmov, cx8, fxsr, mmx, sse, sse2, sse3, ssse3, sse4.1, sse4.2, popcnt, avx, aes, clmul, erms, ht, tsc, tscinvbit, tscinv

Memory: 4k page, physical 8251156k(2957176k free), swap 12445460k(4011552k free)

vm_info: Java HotSpot(TM) Client VM (25.91-b15) for windows-x86 JRE (1.8.0_91-b15), built on May 20 2016 17:33:18 by "java_re" with MS VC++ 10.0 (VS2010)

time: Tue Jun 21 15:27:05 2016
elapsed time: 0 seconds (0d 0h 0m 0s)

